<?xml version="1.0" encoding="UTF-8"?>
<!-- Generated by org.testng.reporters.JUnitReportReporter -->
<testsuite hostname="Ashus-MacBook-Air.local" name="ApiAutomation.Meesho.Meesho.getUserTest" tests="2" failures="0" timestamp="16 Sep 2019 09:16:53 GMT" time="5.732" errors="0">
  <testcase name="getUser" time="0.766" classname="ApiAutomation.Meesho.Meesho.getUserTest"/>
  <testcase name="getUser" time="4.966" classname="ApiAutomation.Meesho.Meesho.getUserTest"/>
</testsuite> <!-- ApiAutomation.Meesho.Meesho.getUserTest -->
